Arguments: 
  D:\laragon\bin\nodejs\node-v6.11.0-x64\node.exe D:\laragon\bin\yarn\bin\yarn.js add axios bluebird

PATH: 
  C:\Users\oliver\AppData\Local\Yarn\config\global\node_modules\.bin;C:\Users\oliver\AppData\Roaming\npm;C:\Users\oliver\AppData\Roaming\Composer\vendor\bin;;D:\laragon\bin\laragon\utils;D:\laragon\bin\mysql\mysql-5.7.19-winx64\bin;D:\laragon\bin\php\php-7.1.7-Win32-VC14-x64;D:\laragon\bin\composer;D:\laragon\bin\apache\httpd-2.4.27-win64-VC14\bin;D:\laragon\bin\redis\redis-x64-3.2.100;D:\laragon\bin\nodejs\node-v6.11.0-x64;D:\laragon\bin\yarn\bin;D:\laragon\bin\nginx\nginx-1.12.0;D:\laragon\bin\notepad++;D:\laragon\bin\telnet;D:\laragon\bin\ngrok;D:\laragon\bin\git\bin;D:\laragon\bin\git\cmd;D:\laragon\bin\git\usr\bin;D:\laragon\bin\git\mingw64\bin;D:\laragon\bin;D:\laragon\usr\bin;D:\laragon\bin\putty;D:\laragon\bin\cmder\bin;D:\laragon\bin\cmder\vendor\conemu-maximus5\ConEmu\Scripts;C:\Users\oliver\AppData\Local\Yarn\config\global\node_modules\.bin;C:\Users\oliver\AppData\Roaming\npm;C:\Users\oliver\AppData\Roaming\Composer\vendor\bin;;D:\laragon\bin\laragon\utils;D:\laragon\bin\mysql\mysql-5.7.19-winx64\bin;D:\laragon\bin\php\php-7.1.7-Win32-VC14-x64;D:\laragon\bin\composer;D:\laragon\bin\apache\httpd-2.4.27-win64-VC14\bin;D:\laragon\bin\redis\redis-x64-3.2.100;D:\laragon\bin\nodejs\node-v6.11.0-x64;D:\laragon\bin\yarn\bin;D:\laragon\bin\nginx\nginx-1.12.0;D:\laragon\bin\notepad++;D:\laragon\bin\telnet;D:\laragon\bin\ngrok;D:\laragon\bin\git\bin;D:\laragon\bin\git\cmd;D:\laragon\bin\git\usr\bin;D:\laragon\bin\git\mingw64\bin;D:\laragon\bin;D:\laragon\usr\bin;D:\laragon\bin\putty;D:\laragon\bin\cmder\bin;D:\laragon\bin\cmder\vendor\conemu-maximus5\ConEmu\Scripts;C:\Users\oliver\AppData\Local\Yarn\config\global\node_modules\.bin;C:\Users\oliver\AppData\Roaming\npm;C:\Users\oliver\AppData\Roaming\Composer\vendor\bin;;D:\laragon\bin\laragon\utils;D:\laragon\bin\mysql\mysql-5.7.19-winx64\bin;D:\laragon\bin\php\php-7.1.7-Win32-VC14-x64;D:\laragon\bin\composer;D:\laragon\bin\apache\httpd-2.4.27-win64-VC14\bin;D:\laragon\bin\redis\redis-x64-3.2.100;D:\laragon\bin\nodejs\node-v6.11.0-x64;D:\laragon\bin\yarn\bin;D:\laragon\bin\nginx\nginx-1.12.0;D:\laragon\bin\notepad++;D:\laragon\bin\telnet;D:\laragon\bin\ngrok;D:\laragon\bin\git\bin;D:\laragon\bin\git\cmd;D:\laragon\bin\git\usr\bin;D:\laragon\bin\git\mingw64\bin;D:\laragon\bin;D:\laragon\usr\bin;D:\laragon\bin\putty;D:\laragon\bin\cmder\bin;D:\laragon\bin\cmder\vendor\conemu-maximus5\ConEmu\Scripts;D:\laragon\bin\cmder\vendor\conemu-maximus5;D:\laragon\bin\cmder\vendor\conemu-maximus5\ConEmu;C:\Windows\system32;C:\Windows;C:\Windows\System32\Wbem;C:\Windows\System32\WindowsPowerShell\v1.0\;C:\Program Files (x86)\Skype\Phone\;C:\Program Files (x86)\NVIDIA Corporation\PhysX\Common;D:\programs\nodejs\;D:\programs\vagrant\bin;D:\programs\Git\cmd;D:\programs\Git\mingw64\bin;D:\programs\Git\usr\bin;C:\Users\oliver\AppData\Local\Microsoft\WindowsApps;;C:\Program Files (x86)\Microsoft VS Code\bin;C:\Users\oliver\AppData\Roaming\npm;D:\programs\Git\usr\bin;D:\programs\Git\usr\share\vim\vim74;D:\laragon\bin\cmder\;;D:\laragon\bin\cmder\..\git\usr\bin;D:\laragon\bin\cmder\..\git\usr\share\vim\vim74;D:\laragon\bin\cmder\;;D:\laragon\bin\cmder\..\git\usr\bin;D:\laragon\bin\cmder\..\git\usr\share\vim\vim74;D:\laragon\bin\cmder\;

Yarn version: 
  0.25.2

Node version: 
  6.11.0

Platform: 
  win32 x64

npm manifest: 
  {
    "name": "preact-boilerplate",
    "version": "6.0.0",
    "description": "Ready-to-go Preact starter project powered by webpack.",
    "scripts": {
      "dev": "cross-env NODE_ENV=development webpack-dev-server --inline --hot --progress",
      "start": "serve build -s -c 1",
      "prestart": "npm run build",
      "build": "cross-env NODE_ENV=production webpack --progress",
      "prebuild": "mkdirp build && ncp src/assets build/assets",
      "test": "npm run -s lint && jest --coverage",
      "test:watch": "npm run -s test -- --watch",
      "lint": "eslint src test"
    },
    "keywords": [
      "preact",
      "boilerplate",
      "webpack"
    ],
    "license": "MIT",
    "author": "Jason Miller <jason@developit.ca>",
    "jest": {
      "setupFiles": [
        "./test/setup.js"
      ],
      "testURL": "http://localhost:8080",
      "moduleFileExtensions": [
        "js",
        "jsx"
      ],
      "moduleDirectories": [
        "node_modules"
      ],
      "moduleNameMapper": {
        "\\.(jpg|jpeg|png|gif|eot|otf|webp|svg|ttf|woff|woff2|mp4|webm|wav|mp3|m4a|aac|oga)$": "<rootDir>/__mocks__/fileMock.js",
        "\\.(css|less)$": "identity-obj-proxy",
        "^react$": "preact-compat",
        "^react-dom$": "preact-compat"
      },
      "collectCoverageFrom": [
        "src/**/*.{js,jsx}"
      ]
    },
    "devDependencies": {
      "autoprefixer": "^7.0.1",
      "babel": "^6.5.2",
      "babel-core": "^6.24.0",
      "babel-eslint": "^7.2.2",
      "babel-jest": "^20.0.0",
      "babel-loader": "^7.0.0",
      "babel-plugin-transform-decorators-legacy": "^1.3.4",
      "babel-plugin-transform-react-jsx": "^6.8.0",
      "babel-preset-es2015": "^6.24.0",
      "babel-preset-stage-0": "^6.5.0",
      "babel-register": "^6.24.0",
      "babel-runtime": "^6.11.6",
      "chai": "^4.0.2",
      "copy-webpack-plugin": "^4.0.1",
      "core-js": "^2.4.1",
      "cross-env": "^5.0.1",
      "css-loader": "^0.28.0",
      "eslint": "^4.1.0",
      "eslint-plugin-jest": "^20.0.0",
      "eslint-plugin-react": "^7.0.0",
      "extract-text-webpack-plugin": "^2.1.0",
      "file-loader": "^0.11.1",
      "html-webpack-plugin": "^2.28.0",
      "identity-obj-proxy": "^3.0.0",
      "jest": "^20.0.0",
      "json-loader": "^0.5.4",
      "less": "^2.7.1",
      "less-loader": "^4.0.3",
      "mkdirp": "^0.5.1",
      "ncp": "^2.0.0",
      "offline-plugin": "^4.7.0",
      "postcss-loader": "^2.0.3",
      "preact-jsx-chai": "^2.2.1",
      "raw-loader": "^0.5.1",
      "regenerator-runtime": "^0.10.3",
      "replace-bundle-webpack-plugin": "^1.0.0",
      "script-ext-html-webpack-plugin": "^1.3.4",
      "sinon": "^2.1.0",
      "sinon-chai": "^2.9.0",
      "source-map-loader": "^0.2.1",
      "style-loader": "^0.18.1",
      "url-loader": "^0.5.8",
      "webpack": "^3.0.0",
      "webpack-dev-server": "^2.4.4"
    },
    "dependencies": {
      "preact": "^8.1.0",
      "preact-compat": "^3.15.0",
      "preact-render-to-string": "^3.6.0",
      "preact-router": "^2.5.1",
      "promise-polyfill": "^6.0.2",
      "proptypes": "^1.0.0",
      "serve": "^6.0.0"
    },
    "main": "webpack.config.babel.js",
    "directories": {
      "test": "test"
    }
  }

yarn manifest: 
  No manifest

Lockfile: 
  No lockfile

Trace: 
  Error: ENOENT: no such file or directory, chmod 'D:\laragon\www\pre-fe\node_modules\.bin\jest'
      at Error (native)
